\BOOKMARK [0][-]{section*.1}{\376\377\000\040\000T\000i\000t\000l\000e\000\040\000P\000a\000g\000e}{}% 1
\BOOKMARK [0][-]{section*.2}{\376\377\000\040\000A\000c\000k\000n\000o\000w\000l\000e\000d\000g\000m\000e\000n\000t}{}% 2
\BOOKMARK [0][-]{section*.3}{\376\377\000\040\000A\000b\000s\000t\000r\000a\000c\000t}{}% 3
\BOOKMARK [0][-]{section*.4}{\376\377\000\040\000C\000o\000n\000t\000e\000n\000t\000s}{}% 4
\BOOKMARK [0][-]{section*.6}{\376\377\000\040\000L\000i\000s\000t\000\040\000o\000f\000\040\000T\000a\000b\000l\000e\000s}{}% 5
\BOOKMARK [0][-]{section*.8}{\376\377\000\040\000L\000i\000s\000t\000\040\000o\000f\000\040\000F\000i\000g\000u\000r\000e\000s}{}% 6
\BOOKMARK [0][-]{section*.10}{\376\377\000\040\000L\000i\000s\000t\000\040\000o\000f\000\040\000A\000b\000b\000r\000e\000v\000i\000a\000t\000i\000o\000n\000s}{}% 7
\BOOKMARK [0][-]{chapter.1}{\376\377\000I\000n\000t\000r\000o\000d\000u\000c\000t\000i\000o\000n}{}% 8
\BOOKMARK [1][-]{section.1.1}{\376\377\000I\000n\000t\000r\000o\000d\000u\000c\000t\000i\000o\000n}{chapter.1}% 9
\BOOKMARK [1][-]{section.1.2}{\376\377\000P\000r\000o\000b\000l\000e\000m\000\040\000S\000t\000a\000t\000e\000m\000e\000n\000t}{chapter.1}% 10
\BOOKMARK [1][-]{section.1.3}{\376\377\000O\000b\000j\000e\000c\000t\000i\000v\000e\000s}{chapter.1}% 11
\BOOKMARK [1][-]{section.1.4}{\376\377\000S\000c\000o\000p\000e}{chapter.1}% 12
\BOOKMARK [1][-]{section.1.5}{\376\377\000U\000n\000f\000a\000m\000i\000l\000i\000a\000r\000i\000t\000y\000\040\000o\000f\000\040\000t\000h\000e\000\040\000P\000r\000o\000b\000l\000e\000m}{chapter.1}% 13
\BOOKMARK [1][-]{section.1.6}{\376\377\000P\000r\000o\000j\000e\000c\000t\000\040\000P\000l\000a\000n\000n\000i\000n\000g}{chapter.1}% 14
\BOOKMARK [1][-]{section.1.7}{\376\377\000C\000o\000n\000t\000r\000i\000b\000u\000t\000i\000o\000n}{chapter.1}% 15
\BOOKMARK [1][-]{section.1.8}{\376\377\000A\000p\000p\000l\000i\000c\000a\000t\000i\000o\000n\000\040\000o\000f\000\040\000t\000h\000e\000\040\000W\000o\000r\000k}{chapter.1}% 16
\BOOKMARK [1][-]{section.1.9}{\376\377\000O\000r\000g\000a\000n\000i\000z\000a\000t\000i\000o\000n\000\040\000o\000f\000\040\000R\000e\000p\000o\000r\000t}{chapter.1}% 17
\BOOKMARK [0][-]{chapter.2}{\376\377\000L\000i\000t\000e\000r\000a\000t\000u\000r\000e\000\040\000R\000e\000v\000i\000e\000w}{}% 18
\BOOKMARK [1][-]{section.2.1}{\376\377\000I\000n\000t\000r\000o\000d\000u\000c\000t\000i\000o\000n}{chapter.2}% 19
\BOOKMARK [1][-]{section.2.2}{\376\377\000L\000i\000t\000e\000r\000a\000t\000u\000r\000e\000\040\000R\000e\000v\000i\000e\000w}{chapter.2}% 20
\BOOKMARK [2][-]{subsection.2.2.1}{\376\377\000F\000r\000o\000m\000\040\000T\000w\000o\000-\000S\000t\000a\000g\000e\000\040\000D\000e\000t\000e\000c\000t\000o\000r\000s\000\040\000t\000o\000\040\000R\000e\000a\000l\000-\000T\000i\000m\000e\000\040\000a\000n\000d\000\040\000T\000r\000a\000n\000s\000f\000o\000r\000m\000e\000r\000\040\000M\000o\000d\000e\000l\000s}{section.2.2}% 21
\BOOKMARK [2][-]{subsection.2.2.2}{\376\377\000S\000m\000a\000l\000l\000-\000O\000b\000j\000e\000c\000t\000\040\000a\000n\000d\000\040\000A\000e\000r\000i\000a\000l\000\040\000D\000e\000t\000e\000c\000t\000i\000o\000n}{section.2.2}% 22
\BOOKMARK [2][-]{subsection.2.2.3}{\376\377\000H\000u\000m\000a\000n\000\040\000D\000e\000t\000e\000c\000t\000i\000o\000n\000\040\000i\000n\000\040\000D\000i\000s\000a\000s\000t\000e\000r\000\040\000a\000n\000d\000\040\000S\000e\000a\000r\000c\000h\000-\000a\000n\000d\000-\000R\000e\000s\000c\000u\000e\000\040\000I\000m\000a\000g\000e\000r\000y}{section.2.2}% 23
\BOOKMARK [2][-]{subsection.2.2.4}{\376\377\000S\000t\000a\000t\000e\000-\000S\000p\000a\000c\000e\000\040\000M\000o\000d\000e\000l\000s\000\040\000f\000o\000r\000\040\000V\000i\000s\000i\000o\000n}{section.2.2}% 24
\BOOKMARK [1][-]{section.2.3}{\376\377\000C\000o\000r\000e\000\040\000C\000o\000n\000c\000e\000p\000t\000s}{chapter.2}% 25
\BOOKMARK [2][-]{subsection.2.3.1}{\376\377\000T\000h\000e\000\040\000Y\000O\000L\000O\0001\0001\000\040\000B\000a\000s\000e\000l\000i\000n\000e}{section.2.3}% 26
\BOOKMARK [2][-]{subsection.2.3.2}{\376\377\000A\000t\000t\000e\000n\000t\000i\000o\000n\000:\000\040\000C\000B\000A\000M\000\040\000a\000n\000d\000\040\000E\000C\000A}{section.2.3}% 27
\BOOKMARK [2][-]{subsection.2.3.3}{\376\377\000M\000u\000l\000t\000i\000-\000S\000c\000a\000l\000e\000\040\000D\000e\000t\000e\000c\000t\000i\000o\000n\000\040\000a\000n\000d\000\040\000t\000h\000e\000\040\000P\0002\000\040\000S\000c\000a\000l\000e}{section.2.3}% 28
\BOOKMARK [2][-]{subsection.2.3.4}{\376\377\000S\000t\000a\000t\000e\000-\000S\000p\000a\000c\000e\000\040\000M\000o\000d\000e\000l\000s\000\040\000a\000n\000d\000\040\000t\000h\000e\000\040\000C\0003\000k\0002\000M\000a\000m\000b\000a\000\040\000B\000l\000o\000c\000k}{section.2.3}% 29
\BOOKMARK [1][-]{section.2.4}{\376\377\000D\000i\000s\000c\000u\000s\000s\000i\000o\000n}{chapter.2}% 30
\BOOKMARK [2][-]{subsection.2.4.1}{\376\377\000R\000e\000s\000e\000a\000r\000c\000h\000\040\000G\000a\000p\000\040\000a\000n\000d\000\040\000P\000r\000o\000p\000o\000s\000e\000d\000\040\000S\000o\000l\000u\000t\000i\000o\000n}{section.2.4}% 31
\BOOKMARK [0][-]{chapter.3}{\376\377\000M\000e\000t\000h\000o\000d\000o\000l\000o\000g\000y}{}% 32
\BOOKMARK [1][-]{section.3.1}{\376\377\000I\000n\000t\000r\000o\000d\000u\000c\000t\000i\000o\000n}{chapter.3}% 33
\BOOKMARK [1][-]{section.3.2}{\376\377\000S\000y\000s\000t\000e\000m\000\040\000A\000r\000c\000h\000i\000t\000e\000c\000t\000u\000r\000e\000\040\000O\000v\000e\000r\000v\000i\000e\000w}{chapter.3}% 34
\BOOKMARK [1][-]{section.3.3}{\376\377\000P\000r\000o\000p\000o\000s\000e\000d\000\040\000S\000y\000s\000t\000e\000m\000\040\000A\000r\000c\000h\000i\000t\000e\000c\000t\000u\000r\000e}{chapter.3}% 35
\BOOKMARK [2][-]{subsection.3.3.1}{\376\377\000D\000a\000t\000a\000\040\000P\000r\000e\000p\000r\000o\000c\000e\000s\000s\000i\000n\000g}{section.3.3}% 36
\BOOKMARK [2][-]{subsection.3.3.2}{\376\377\000A\000t\000t\000e\000n\000t\000i\000o\000n\000\040\000E\000n\000h\000a\000n\000c\000e\000m\000e\000n\000t\000:\000\040\000C\000B\000A\000M}{section.3.3}% 37
\BOOKMARK [2][-]{subsection.3.3.3}{\376\377\000M\000u\000l\000t\000i\000-\000S\000c\000a\000l\000e\000\040\000D\000e\000t\000e\000c\000t\000i\000o\000n\000:\000\040\000t\000h\000e\000\040\000P\0002\000\040\000H\000e\000a\000d}{section.3.3}% 38
\BOOKMARK [2][-]{subsection.3.3.4}{\376\377\000S\000t\000a\000t\000e\000-\000S\000p\000a\000c\000e\000\040\000N\000e\000c\000k\000\040\000V\000a\000r\000i\000a\000n\000t\000:\000\040\000C\0003\000k\0002\000M\000a\000m\000b\000a}{section.3.3}% 39
\BOOKMARK [2][-]{subsection.3.3.5}{\376\377\000R\000u\000n\000n\000i\000n\000g\000\040\000E\000x\000a\000m\000p\000l\000e}{section.3.3}% 40
\BOOKMARK [1][-]{section.3.4}{\376\377\000A\000r\000c\000h\000i\000t\000e\000c\000t\000u\000r\000e\000\040\000N\000o\000v\000e\000l\000t\000i\000e\000s}{chapter.3}% 41
\BOOKMARK [2][-]{subsection.3.4.1}{\376\377\000A\000t\000t\000e\000n\000t\000i\000o\000n\000\040\000T\000h\000a\000t\000\040\000P\000a\000y\000s\000\040\000f\000o\000r\000\040\000I\000t\000s\000e\000l\000f}{section.3.4}% 42
\BOOKMARK [2][-]{subsection.3.4.2}{\376\377\000A\000\040\000D\000e\000t\000e\000c\000t\000i\000o\000n\000\040\000S\000c\000a\000l\000e\000\040\000W\000h\000e\000r\000e\000\040\000t\000h\000e\000\040\000T\000a\000r\000g\000e\000t\000s\000\040\000A\000r\000e}{section.3.4}% 43
\BOOKMARK [2][-]{subsection.3.4.3}{\376\377\000S\000i\000n\000g\000l\000e\000-\000V\000a\000r\000i\000a\000b\000l\000e\000\040\000A\000d\000d\000i\000t\000i\000v\000e\000\040\000D\000e\000s\000i\000g\000n}{section.3.4}% 44
\BOOKMARK [1][-]{section.3.5}{\376\377\000L\000o\000s\000s\000\040\000F\000u\000n\000c\000t\000i\000o\000n\000\040\000D\000e\000s\000i\000g\000n}{chapter.3}% 45
\BOOKMARK [1][-]{section.3.6}{\376\377\000I\000n\000f\000e\000r\000e\000n\000c\000e\000-\000T\000i\000m\000e\000\040\000E\000n\000h\000a\000n\000c\000e\000m\000e\000n\000t\000:\000\040\000S\000A\000H\000I\000\040\000a\000n\000d\000\040\000T\000T\000A}{chapter.3}% 46
\BOOKMARK [1][-]{section.3.7}{\376\377\000C\000o\000n\000c\000l\000u\000s\000i\000o\000n}{chapter.3}% 47
\BOOKMARK [0][-]{chapter.4}{\376\377\000I\000m\000p\000l\000e\000m\000e\000n\000t\000a\000t\000i\000o\000n\000,\000\040\000R\000e\000s\000u\000l\000t\000s\000\040\000a\000n\000d\000\040\000D\000i\000s\000c\000u\000s\000s\000i\000o\000n\000s}{}% 48
\BOOKMARK [1][-]{section.4.1}{\376\377\000I\000n\000t\000r\000o\000d\000u\000c\000t\000i\000o\000n}{chapter.4}% 49
\BOOKMARK [1][-]{section.4.2}{\376\377\000E\000x\000p\000e\000r\000i\000m\000e\000n\000t\000a\000l\000\040\000S\000e\000t\000u\000p}{chapter.4}% 50
\BOOKMARK [1][-]{section.4.3}{\376\377\000E\000v\000a\000l\000u\000a\000t\000i\000o\000n\000\040\000M\000e\000t\000r\000i\000c\000s}{chapter.4}% 51
\BOOKMARK [2][-]{subsection.4.3.1}{\376\377\000O\000p\000e\000r\000a\000t\000i\000o\000n\000a\000l\000\040\000S\000c\000o\000r\000e\000s\000:\000\040\000W\000h\000y\000\040\000F\0002\000\040\000L\000e\000a\000d\000s}{section.4.3}% 52
\BOOKMARK [2][-]{subsection.4.3.2}{\376\377\000L\000o\000c\000a\000l\000i\000s\000a\000t\000i\000o\000n\000\040\000Q\000u\000a\000l\000i\000t\000y\000:\000\040\000A\000P\000\040\000a\000t\000\040\000t\000h\000e\000\040\000R\000i\000g\000h\000t\000\040\000T\000h\000r\000e\000s\000h\000o\000l\000d}{section.4.3}% 53
\BOOKMARK [2][-]{subsection.4.3.3}{\376\377\000P\000e\000r\000-\000S\000i\000z\000e\000\040\000R\000e\000c\000a\000l\000l\000:\000\040\000t\000h\000e\000\040\000H\000y\000p\000o\000t\000h\000e\000s\000i\000s\000\040\000T\000e\000s\000t}{section.4.3}% 54
\BOOKMARK [2][-]{subsection.4.3.4}{\376\377\000C\000a\000l\000i\000b\000r\000a\000t\000i\000o\000n\000\040\000a\000n\000d\000\040\000E\000f\000f\000i\000c\000i\000e\000n\000c\000y}{section.4.3}% 55
\BOOKMARK [1][-]{section.4.4}{\376\377\000D\000a\000t\000a\000s\000e\000t}{chapter.4}% 56
\BOOKMARK [1][-]{section.4.5}{\376\377\000E\000x\000p\000e\000r\000i\000m\000e\000n\000t\000a\000t\000i\000o\000n}{chapter.4}% 57
\BOOKMARK [1][-]{section.4.6}{\376\377\000Q\000u\000a\000n\000t\000i\000t\000a\000t\000i\000v\000e\000\040\000R\000e\000s\000u\000l\000t\000s}{chapter.4}% 58
\BOOKMARK [2][-]{subsection.4.6.1}{\376\377\000A\000t\000t\000e\000n\000t\000i\000o\000n\000\040\000M\000o\000d\000u\000l\000e\000\040\000S\000e\000l\000e\000c\000t\000i\000o\000n}{section.4.6}% 59
\BOOKMARK [2][-]{subsection.4.6.2}{\376\377\000T\000h\000e\000\040\000A\000d\000d\000i\000t\000i\000v\000e\000\040\000A\000b\000l\000a\000t\000i\000o\000n}{section.4.6}% 60
\BOOKMARK [2][-]{subsection.4.6.3}{\376\377\000P\000e\000r\000-\000S\000i\000z\000e\000\040\000R\000e\000c\000a\000l\000l}{section.4.6}% 61
\BOOKMARK [2][-]{subsection.4.6.4}{\376\377\000O\000p\000e\000r\000a\000t\000i\000n\000g\000\040\000T\000h\000r\000e\000s\000h\000o\000l\000d\000s\000\040\000a\000n\000d\000\040\000C\000a\000l\000i\000b\000r\000a\000t\000i\000o\000n}{section.4.6}% 62
\BOOKMARK [2][-]{subsection.4.6.5}{\376\377\000T\000r\000a\000i\000n\000i\000n\000g\000\040\000D\000y\000n\000a\000m\000i\000c\000s}{section.4.6}% 63
\BOOKMARK [1][-]{section.4.7}{\376\377\000Q\000u\000a\000l\000i\000t\000a\000t\000i\000v\000e\000\040\000R\000e\000s\000u\000l\000t\000s\000\040\000a\000n\000d\000\040\000E\000r\000r\000o\000r\000\040\000A\000n\000a\000l\000y\000s\000i\000s}{chapter.4}% 64
\BOOKMARK [1][-]{section.4.8}{\376\377\000C\000o\000m\000p\000a\000r\000i\000s\000o\000n\000\040\000w\000i\000t\000h\000\040\000S\000t\000a\000t\000e\000-\000o\000f\000-\000t\000h\000e\000-\000A\000r\000t}{chapter.4}% 65
\BOOKMARK [1][-]{section.4.9}{\376\377\000I\000n\000f\000e\000r\000e\000n\000c\000e\000-\000T\000i\000m\000e\000\040\000E\000n\000h\000a\000n\000c\000e\000m\000e\000n\000t\000:\000\040\000S\000A\000H\000I\000\040\000a\000n\000d\000\040\000T\000T\000A}{chapter.4}% 66
\BOOKMARK [1][-]{section.4.10}{\376\377\000O\000b\000j\000e\000c\000t\000i\000v\000e\000s\000\040\000A\000c\000h\000i\000e\000v\000e\000d}{chapter.4}% 67
\BOOKMARK [1][-]{section.4.11}{\376\377\000F\000i\000n\000a\000n\000c\000i\000a\000l\000\040\000A\000n\000a\000l\000y\000s\000i\000s\000\040\000a\000n\000d\000\040\000B\000u\000d\000g\000e\000t}{chapter.4}% 68
\BOOKMARK [1][-]{section.4.12}{\376\377\000C\000o\000n\000c\000l\000u\000s\000i\000o\000n}{chapter.4}% 69
\BOOKMARK [0][-]{chapter.5}{\376\377\000S\000o\000c\000i\000e\000t\000a\000l\000,\000\040\000H\000e\000a\000l\000t\000h\000,\000\040\000E\000n\000v\000i\000r\000o\000n\000m\000e\000n\000t\000,\000\040\000S\000a\000f\000e\000t\000y\000,\000\040\000E\000t\000h\000i\000c\000a\000l\000,\000\040\000L\000e\000g\000a\000l\000\040\000a\000n\000d\000\040\000C\000u\000l\000t\000u\000r\000a\000l\000\040\000I\000s\000s\000u\000e\000s}{}% 70
\BOOKMARK [1][-]{section.5.1}{\376\377\000I\000n\000t\000r\000o\000d\000u\000c\000t\000i\000o\000n}{chapter.5}% 71
\BOOKMARK [1][-]{section.5.2}{\376\377\000I\000n\000t\000e\000l\000l\000e\000c\000t\000u\000a\000l\000\040\000P\000r\000o\000p\000e\000r\000t\000y\000\040\000C\000o\000n\000s\000i\000d\000e\000r\000a\000t\000i\000o\000n\000s}{chapter.5}% 72
\BOOKMARK [1][-]{section.5.3}{\376\377\000E\000t\000h\000i\000c\000a\000l\000\040\000C\000o\000n\000s\000i\000d\000e\000r\000a\000t\000i\000o\000n\000s}{chapter.5}% 73
\BOOKMARK [1][-]{section.5.4}{\376\377\000S\000a\000f\000e\000t\000y\000\040\000C\000o\000n\000s\000i\000d\000e\000r\000a\000t\000i\000o\000n\000s}{chapter.5}% 74
\BOOKMARK [1][-]{section.5.5}{\376\377\000L\000e\000g\000a\000l\000\040\000C\000o\000n\000s\000i\000d\000e\000r\000a\000t\000i\000o\000n\000s}{chapter.5}% 75
\BOOKMARK [1][-]{section.5.6}{\376\377\000I\000m\000p\000a\000c\000t\000\040\000o\000f\000\040\000t\000h\000e\000\040\000P\000r\000o\000j\000e\000c\000t\000\040\000o\000n\000\040\000S\000o\000c\000i\000e\000t\000a\000l\000,\000\040\000H\000e\000a\000l\000t\000h\000,\000\040\000a\000n\000d\000\040\000C\000u\000l\000t\000u\000r\000a\000l\000\040\000I\000s\000s\000u\000e\000s}{chapter.5}% 76
\BOOKMARK [1][-]{section.5.7}{\376\377\000I\000m\000p\000a\000c\000t\000\040\000o\000f\000\040\000P\000r\000o\000j\000e\000c\000t\000\040\000o\000n\000\040\000t\000h\000e\000\040\000E\000n\000v\000i\000r\000o\000n\000m\000e\000n\000t\000\040\000a\000n\000d\000\040\000S\000u\000s\000t\000a\000i\000n\000a\000b\000i\000l\000i\000t\000y}{chapter.5}% 77
\BOOKMARK [1][-]{section.5.8}{\376\377\000C\000o\000n\000c\000l\000u\000s\000i\000o\000n}{chapter.5}% 78
\BOOKMARK [0][-]{chapter.6}{\376\377\000A\000d\000d\000r\000e\000s\000s\000i\000n\000g\000\040\000C\000o\000m\000p\000l\000e\000x\000\040\000E\000n\000g\000i\000n\000e\000e\000r\000i\000n\000g\000\040\000P\000r\000o\000b\000l\000e\000m\000s\000\040\000a\000n\000d\000\040\000A\000c\000t\000i\000v\000i\000t\000i\000e\000s}{}% 79
\BOOKMARK [1][-]{section.6.1}{\376\377\000I\000n\000t\000r\000o\000d\000u\000c\000t\000i\000o\000n}{chapter.6}% 80
\BOOKMARK [1][-]{section.6.2}{\376\377\000C\000o\000m\000p\000l\000e\000x\000\040\000E\000n\000g\000i\000n\000e\000e\000r\000i\000n\000g\000\040\000P\000r\000o\000b\000l\000e\000m\000s\000\040\000A\000s\000s\000o\000c\000i\000a\000t\000e\000d\000\040\000w\000i\000t\000h\000\040\000t\000h\000e\000\040\000C\000u\000r\000r\000e\000n\000t\000\040\000T\000h\000e\000s\000i\000s}{chapter.6}% 81
\BOOKMARK [1][-]{section.6.3}{\376\377\000C\000o\000m\000p\000l\000e\000x\000\040\000E\000n\000g\000i\000n\000e\000e\000r\000i\000n\000g\000\040\000A\000c\000t\000i\000v\000i\000t\000i\000e\000s\000\040\000A\000s\000s\000o\000c\000i\000a\000t\000e\000d\000\040\000w\000i\000t\000h\000\040\000t\000h\000e\000\040\000C\000u\000r\000r\000e\000n\000t\000\040\000T\000h\000e\000s\000i\000s}{chapter.6}% 82
\BOOKMARK [1][-]{section.6.4}{\376\377\000C\000o\000n\000c\000l\000u\000s\000i\000o\000n}{chapter.6}% 83
\BOOKMARK [0][-]{chapter.7}{\376\377\000C\000o\000n\000c\000l\000u\000s\000i\000o\000n\000s}{}% 84
\BOOKMARK [1][-]{section.7.1}{\376\377\000S\000u\000m\000m\000a\000r\000y}{chapter.7}% 85
\BOOKMARK [1][-]{section.7.2}{\376\377\000L\000i\000m\000i\000t\000a\000t\000i\000o\000n\000s}{chapter.7}% 86
\BOOKMARK [1][-]{section.7.3}{\376\377\000R\000e\000c\000o\000m\000m\000e\000n\000d\000a\000t\000i\000o\000n\000s\000\040\000f\000o\000r\000\040\000F\000u\000t\000u\000r\000e\000\040\000W\000o\000r\000k\000s}{chapter.7}% 87
\BOOKMARK [0][-]{section*.44}{\376\377\000A\000p\000p\000e\000n\000d\000i\000x\000:\000\040\000M\000o\000d\000e\000l\000\040\000S\000e\000l\000e\000c\000t\000i\000o\000n\000\040\000H\000i\000s\000t\000o\000r\000y}{}% 88
\BOOKMARK [0][-]{section*.48}{\376\377\000R\000e\000f\000e\000r\000e\000n\000c\000e\000s}{}% 89
